[2014-09-24 02:01:26.774] [INFO] sicapov - Iniciando applicacion...
[2014-09-24 02:01:26.970] [INFO] sicapov - Applicacion Iniciada en puerto:4300
[2014-09-24 02:12:16.925] [INFO] sicapov - Iniciando applicacion...
[2014-09-24 02:12:17.081] [INFO] sicapov - Applicacion Iniciada en puerto:4300
[2014-09-24 02:14:02.037] [INFO] sicapov - Iniciando applicacion...
[2014-09-24 02:14:02.198] [INFO] sicapov - Applicacion Iniciada en puerto:4300
[2014-09-24 11:52:35.460] [INFO] sicapov - Iniciando applicacion... 
[2014-09-24 11:52:35.704] [INFO] sicapov - Applicacion Iniciada en puerto:4300
[2014-09-24 14:48:09.510] [INFO] sicapov - Iniciando applicacion... 
[2014-09-24 14:48:09.551] [INFO] sicapov - Applicacion Iniciada en puerto:4300
[2014-09-24 14:51:09.754] [INFO] sicapov - Iniciando applicacion... 
[2014-09-24 14:51:09.804] [INFO] sicapov - Applicacion Iniciada en puerto:4300
[2014-09-24 14:52:12.933] [INFO] sicapov - Iniciando applicacion... 
[2014-09-24 14:52:12.976] [INFO] sicapov - Applicacion Iniciada en puerto:4300
[2014-09-24 14:52:13.983] [ERROR] sicapov - Error connecting to databaseError: connect ECONNREFUSED
[2014-09-24 14:53:25.433] [INFO] sicapov - Iniciando applicacion... 
[2014-09-24 14:53:25.477] [INFO] sicapov - Applicacion Iniciada en puerto:4300
[2014-09-24 14:53:26.482] [ERROR] sicapov - Error connecting to database:Error: connect ECONNREFUSEDconnect ECONNREFUSED
[2014-09-24 14:55:23.677] [INFO] sicapov - Iniciando applicacion... 
[2014-09-24 14:55:23.723] [INFO] sicapov - Applicacion Iniciada en puerto:4300
[2014-09-24 14:55:24.728] [ERROR] sicapov - Error connecting to database:Error: connect ECONNREFUSED
[2014-09-24 14:56:42.471] [INFO] sicapov - Iniciando applicacion... 
[2014-09-24 14:56:42.517] [INFO] sicapov - Applicacion Iniciada en puerto:4300
[2014-09-24 14:56:43.523] [ERROR] sicapov - Error connecting to database:Error: connect ECONNREFUSED
[2014-09-24 14:58:04.540] [INFO] sicapov - Iniciando applicacion... 
[2014-09-24 14:58:04.584] [INFO] sicapov - Applicacion Iniciada en puerto:4300
[2014-09-24 14:58:05.595] [ERROR] sicapov - Error connecting to database:Error: connect ECONNREFUSED
[2014-09-24 15:03:54.529] [INFO] sicapov - Iniciando applicacion... 
[2014-09-24 15:03:54.575] [INFO] sicapov - Applicacion Iniciada en puerto:4300
[2014-09-24 15:03:55.582] [ERROR] sicapov - Error connecting to database:Error: connect ECONNREFUSED
[2014-09-24 15:06:07.324] [INFO] sicapov - Iniciando applicacion... 
[2014-09-24 15:06:07.369] [INFO] sicapov - Applicacion Iniciada en puerto:4300
[2014-09-24 15:06:08.376] [ERROR] sicapov - Error connecting to database:Error: connect ECONNREFUSED
[2014-09-24 15:09:55.305] [INFO] sicapov - Iniciando applicacion... 
[2014-09-24 15:09:55.350] [INFO] sicapov - Applicacion Iniciada en puerto:4300
[2014-09-24 15:10:06.083] [INFO] sicapov - Iniciando applicacion... 
[2014-09-24 15:10:06.129] [INFO] sicapov - Applicacion Iniciada en puerto:4300
[2014-09-24 15:10:32.191] [INFO] sicapov - Iniciando applicacion... 
[2014-09-24 15:10:32.231] [INFO] sicapov - Applicacion Iniciada en puerto:4300
[2014-09-24 15:10:56.364] [INFO] sicapov - Iniciando applicacion... 
[2014-09-24 15:10:56.406] [INFO] sicapov - Applicacion Iniciada en puerto:4300
[2014-09-24 15:11:08.267] [INFO] sicapov - Iniciando applicacion... 
[2014-09-24 15:11:08.311] [INFO] sicapov - Applicacion Iniciada en puerto:4300
[2014-09-24 16:23:30.729] [INFO] sicapov - Iniciando applicacion... 
[2014-09-24 16:23:30.771] [INFO] sicapov - Applicacion Iniciada en puerto:4300
[2014-09-24 16:32:36.099] [INFO] sicapov - Iniciando applicacion... 
[2014-09-24 16:32:36.144] [INFO] sicapov - Applicacion Iniciada en puerto:4300
[2014-09-24 16:32:55.286] [INFO] sicapov - Iniciando applicacion... 
[2014-09-24 16:32:55.330] [INFO] sicapov - Applicacion Iniciada en puerto:4300
[2014-09-24 16:34:54.912] [INFO] sicapov - Iniciando applicacion... 
[2014-09-24 16:34:54.958] [INFO] sicapov - Applicacion Iniciada en puerto:4300
[2014-09-24 17:09:12.618] [INFO] sicapov - Iniciando applicacion... 
[2014-09-24 17:09:12.736] [INFO] sicapov - Applicacion Iniciada en puerto:4300
[2014-09-24 17:09:51.918] [INFO] sicapov - Iniciando applicacion... 
[2014-09-24 17:09:51.961] [INFO] sicapov - Applicacion Iniciada en puerto:4300
[2014-09-24 17:09:51.966] [INFO] sicapov - Successful connection to database. The solution is:  2
[2014-09-24 17:11:17.117] [INFO] sicapov - Iniciando applicacion... 
[2014-09-24 17:11:17.161] [INFO] sicapov - Applicacion Iniciada en puerto:4300
[2014-09-24 17:11:17.167] [INFO] sicapov - Successful connection to database. Connection_status is:  OK
